<?xml version="1.0" encoding="UTF-8" ?>
<testsuite tests="5" failures="0" name="com.companyname.dms.workbench.mapper.StudentServiceTest" time="0.145" errors="0" skipped="0">
  <properties>
    <property name="idea.version" value="2022.3.3"/>
    <property name="java.runtime.name" value="Java(TM) SE Runtime Environment"/>
    <property name="java.vm.version" value="11.0.18+9-LTS-195"/>
    <property name="sun.boot.library.path" value="D:\Java\jdk-11\bin"/>
    <property name="maven.multiModuleProjectDirectory" value="E:\IdeaProjects\workspace\dms"/>
    <property name="java.vm.vendor" value="Oracle Corporation"/>
    <property name="java.vendor.url" value="https://openjdk.java.net/"/>
    <property name="guice.disable.misplaced.annotation.check" value="true"/>
    <property name="path.separator" value=";"/>
    <property name="java.vm.name" value="Java HotSpot(TM) 64-Bit Server VM"/>
    <property name="sun.os.patch.level" value=""/>
    <property name="user.script" value=""/>
    <property name="user.country" value="CN"/>
    <property name="sun.java.launcher" value="SUN_STANDARD"/>
    <property name="java.vm.specification.name" value="Java Virtual Machine Specification"/>
    <property name="user.dir" value="E:\IdeaProjects\workspace\dms"/>
    <property name="java.vm.compressedOopsMode" value="32-bit"/>
    <property name="java.runtime.version" value="11.0.18+9-LTS-195"/>
    <property name="java.awt.graphicsenv" value="sun.awt.Win32GraphicsEnvironment"/>
    <property name="os.arch" value="amd64"/>
    <property name="java.io.tmpdir" value="C:\Users\ADMIN\AppData\Local\Temp\"/>
    <property name="line.separator" value="
"/>
    <property name="java.vm.specification.vendor" value="Oracle Corporation"/>
    <property name="user.variant" value=""/>
    <property name="os.name" value="Windows 10"/>
    <property name="maven.ext.class.path" value="D:\IDEA\IntelliJ_IDEA\plugins\maven\lib\maven-event-listener.jar"/>
    <property name="archetypeCatalog" value="internal"/>
    <property name="classworlds.conf" value="D:\Maven\apache-maven-3.8.8\bin\m2.conf"/>
    <property name="sun.jnu.encoding" value="GBK"/>
    <property name="java.library.path" value="D:\Java\jdk-11\bin;C:\Windows\Sun\Java\bin;C:\Windows\system32;C:\Windows;C:\Program Files\Common Files\Oracle\Java\javapath;C:\windows\system32;C:\windows;C:\windows\System32\Wbem;C:\windows\System32\WindowsPowerShell\v1.0\;C:\windows\System32\OpenSSH\;C:\Program Files (x86)\NVIDIA Corporation\PhysX\Common;C:\Program Files\NVIDIA Corporation\NVIDIA NvDLISR;C:\Windows\system32;C:\Windows;C:\Windows\System32\Wbem;C:\Windows\System32\WindowsPowerShell\v1.0\;C:\Windows\System32\OpenSSH\;D:\MySQL\MySQL Server 8.0\bin;D:\Tomcat\apache-tomcat-10.0.12\bin;D:\Java\jdk-11\bin;D:\Maven\apache-maven-3.8.8\bin;D:\Git\setup\Git\cmd;D:\Blogs\nodejs\;C:\ProgramData\chocolatey\bin;D:\MySQL\MySQL Shell 8.0\bin\;C:\Users\ADMIN\AppData\Local\Microsoft\WindowsApps;;D:\IDEA\IntelliJ_IDEA\bin;;C:\Users\ADMIN\AppData\Roaming\npm;."/>
    <property name="jansi.passthrough" value="true"/>
    <property name="maven.conf" value="D:\Maven\apache-maven-3.8.8/conf"/>
    <property name="jdk.debug" value="release"/>
    <property name="java.class.version" value="55.0"/>
    <property name="java.specification.name" value="Java Platform API Specification"/>
    <property name="sun.management.compiler" value="HotSpot 64-Bit Tiered Compilers"/>
    <property name="os.version" value="10.0"/>
    <property name="user.home" value="C:\Users\ADMIN"/>
    <property name="user.timezone" value="GMT+08:00"/>
    <property name="java.awt.printerjob" value="sun.awt.windows.WPrinterJob"/>
    <property name="file.encoding" value="UTF-8"/>
    <property name="java.specification.version" value="11"/>
    <property name="user.name" value="ADMIN"/>
    <property name="java.class.path" value="D:\Maven\apache-maven-3.8.8\boot\plexus-classworlds-2.6.0.jar;D:\Maven\apache-maven-3.8.8\boot\plexus-classworlds.license"/>
    <property name="java.vm.specification.version" value="11"/>
    <property name="sun.arch.data.model" value="64"/>
    <property name="sun.java.command" value="org.codehaus.classworlds.Launcher -Didea.version=2022.3.3 --update-snapshots -s D:\Maven\apache-maven-3.8.8\conf\settings.xml package"/>
    <property name="java.home" value="D:\Java\jdk-11"/>
    <property name="user.language" value="zh"/>
    <property name="java.specification.vendor" value="Oracle Corporation"/>
    <property name="awt.toolkit" value="sun.awt.windows.WToolkit"/>
    <property name="java.vm.info" value="mixed mode"/>
    <property name="java.version" value="11.0.18"/>
    <property name="java.vendor" value="Oracle Corporation"/>
    <property name="maven.home" value="D:\Maven\apache-maven-3.8.8"/>
    <property name="file.separator" value="\"/>
    <property name="java.version.date" value="2023-01-17"/>
    <property name="java.vendor.url.bug" value="https://bugreport.java.com/bugreport/"/>
    <property name="sun.io.unicode.encoding" value="UnicodeLittle"/>
    <property name="sun.cpu.endian" value="little"/>
    <property name="java.vendor.version" value="18.9"/>
    <property name="sun.desktop" value="windows"/>
    <property name="sun.cpu.isalist" value="amd64"/>
  </properties>
  <testcase classname="com.companyname.dms.workbench.mapper.StudentServiceTest" name="testGetNotIntoStu" time="0.005"/>
  <testcase classname="com.companyname.dms.workbench.mapper.StudentServiceTest" name="testGetStuListByInto" time="0.012"/>
  <testcase classname="com.companyname.dms.workbench.mapper.StudentServiceTest" name="testSave" time="0.015"/>
  <testcase classname="com.companyname.dms.workbench.mapper.StudentServiceTest" name="testUpdateById" time="0.091"/>
  <testcase classname="com.companyname.dms.workbench.mapper.StudentServiceTest" name="testPageList" time="0.022"/>
</testsuite>